<?xml version="1.0" encoding="UTF-8"?>
<!-- Generated by org.testng.reporters.JUnitReportReporter -->
<testsuite hostname="HP" failures="0" tests="3" name="api.test.StoreTest" time="6.553" errors="0" timestamp="2023-04-20T15:16:19 IST" skipped="0">
  <testcase classname="api.test.StoreTest" name="testCreateOrder" time="4.039"/>
  <system-out/>
  <testcase classname="api.test.StoreTest" name="testGetOrderByOrderId" time="1.272"/>
  <system-out/>
  <testcase classname="api.test.StoreTest" name="testDeleteOrderByOrderId" time="1.242"/>
  <system-out/>
</testsuite> <!-- api.test.StoreTest -->
