<?xml version="1.0" encoding="UTF-8"?>
<!-- Generated by org.testng.reporters.JUnitReportReporter -->
<testsuite hostname="HP" failures="0" tests="4" name="api.test.UserTest" time="13.638" errors="0" timestamp="2023-04-20T11:48:22 IST" skipped="0">
  <testcase classname="api.test.UserTest" name="testPostUser" time="4.958"/>
  <system-out/>
  <testcase classname="api.test.UserTest" name="testGetUserByName" time="2.046"/>
  <system-out/>
  <testcase classname="api.test.UserTest" name="testUpdateUserByName" time="4.732"/>
  <system-out/>
  <testcase classname="api.test.UserTest" name="testDeleteUserByName" time="1.902"/>
  <system-out/>
</testsuite> <!-- api.test.UserTest -->
