<?xml version="1.0" encoding="UTF-8"?>
<!-- Generated by org.testng.reporters.JUnitReportReporter -->
<testsuite hostname="HP" failures="0" tests="4" name="api.test.UserPropertyFileTest" time="15.888" errors="0" timestamp="2023-04-24T12:17:27 IST" skipped="0">
  <testcase classname="api.test.UserPropertyFileTest" name="testPostUser" time="7.438"/>
  <system-out/>
  <testcase classname="api.test.UserPropertyFileTest" name="testGetUserByName" time="2.250"/>
  <system-out/>
  <testcase classname="api.test.UserPropertyFileTest" name="testUpdateUserByName" time="4.381"/>
  <system-out/>
  <testcase classname="api.test.UserPropertyFileTest" name="testDeleteUserByName" time="1.819"/>
  <system-out/>
</testsuite> <!-- api.test.UserPropertyFileTest -->
